<?xml version="1.0" encoding="UTF-8"?>
<!-- Generated by org.testng.reporters.JUnitXMLReporter -->
<testsuite ignored="0" hostname="Ryan" failures="1" tests="1" name="Surefire test" time="125.84" errors="0" timestamp="2025-01-28T20:33:33 IST">
  <testcase classname="test.YahooFinanceTest" name="testTeslaStockDetails" time="122.621">
    <failure type="java.lang.NumberFormatException" message="empty String">
      <![CDATA[java.lang.NumberFormatException: empty String
at java.base/jdk.internal.math.FloatingDecimal.readJavaFormatString(FloatingDecimal.java:1842)
at java.base/jdk.internal.math.FloatingDecimal.parseDouble(FloatingDecimal.java:110)
at java.base/java.lang.Double.parseDouble(Double.java:543)
at page.StockDetailsPage.getStockPrice(StockDetailsPage.java:21)
at test.YahooFinanceTest.testTeslaStockDetails(YahooFinanceTest.java:53)
at java.base/java.util.ArrayList.forEach(ArrayList.java:1541)
... Removed 32 stack frames]]>
    </failure>
  </testcase> <!-- testTeslaStockDetails -->
</testsuite> <!-- Surefire test -->
